<?xml version="1.0" encoding="UTF-8"?>
<!-- Generated by org.testng.reporters.JUnitXMLReporter -->
<testsuite hostname="WKWIN4833400" ignored="0" name="FF Test" tests="1" failures="1" timestamp="26 Apr 2019 10:24:24 GMT" time="57.879" errors="0">
  <testcase name="chryslerTest" time="47.136" classname="com.sapient.it.Applitools.AlfaRomeoApplitools">
    <failure type="com.applitools.eyes.exceptions.DiffsFoundException" message="Test &amp;apos;windowaChrysler1&amp;apos; of &amp;apos;chrysler1&amp;apos; detected differences! See details at: https://eyes.applitools.com/app/batches/00000251846026566129/00000251846026566031?accountId=Q2iNpK2JIUe9tioa2tPoaQ~~">
      <![CDATA[com.applitools.eyes.exceptions.DiffsFoundException: Test 'windowaChrysler1' of 'chrysler1' detected differences! See details at: https://eyes.applitools.com/app/batches/00000251846026566129/00000251846026566031?accountId=Q2iNpK2JIUe9tioa2tPoaQ~~
at com.applitools.eyes.EyesBase.close(EyesBase.java:508)
at com.applitools.eyes.selenium.SeleniumEyes.close(SeleniumEyes.java:1904)
at com.applitools.eyes.selenium.Eyes.close(Eyes.java:527)
at com.applitools.eyes.selenium.Eyes.close(Eyes.java:141)
at com.sapient.it.lib.TestNgInitialization.eyeClose(TestNgInitialization.java:122)
at com.sapient.it.Applitools.AlfaRomeoApplitools.chryslerTest(AlfaRomeoApplitools.java:143)
... Removed 25 stack frames]]>
    </failure>
  </testcase> <!-- chryslerTest -->
</testsuite> <!-- FF Test -->
