<?xml version="1.0" encoding="UTF-8"?>
<!-- Generated by org.testng.reporters.JUnitXMLReporter -->
<testsuite hostname="WKWIN4833400" ignored="0" name="PROD Test" tests="1" failures="0" timestamp="30 Apr 2019 12:04:27 GMT" time="154.242" errors="0">
  <testcase name="@BeforeMethod launchApp" time="154.187" classname="com.sapient.it.lib.TestNgInitialization">
    <failure type="com.applitools.eyes.exceptions.DiffsFoundException" message="Test &amp;apos;WindowJeepSuite&amp;apos; of &amp;apos;JeepSuite&amp;apos; detected differences! See details at: https://eyes.applitools.com/app/batches/00000251845675077514/00000251845675077420?accountId=Q2iNpK2JIUe9tioa2tPoaQ~~">
      <![CDATA[com.applitools.eyes.exceptions.DiffsFoundException: Test 'WindowJeepSuite' of 'JeepSuite' detected differences! See details at: https://eyes.applitools.com/app/batches/00000251845675077514/00000251845675077420?accountId=Q2iNpK2JIUe9tioa2tPoaQ~~
at com.applitools.eyes.EyesBase.close(EyesBase.java:508)
at com.applitools.eyes.selenium.SeleniumEyes.close(SeleniumEyes.java:1904)
at com.applitools.eyes.selenium.Eyes.close(Eyes.java:527)
at com.applitools.eyes.selenium.Eyes.close(Eyes.java:141)
at com.sapient.it.lib.TestNgInitialization.eyeClose(TestNgInitialization.java:151)
at com.sapient.it.lib.TestNgInitialization.launchApp(TestNgInitialization.java:89)
... Removed 28 stack frames]]>
    </failure>
  </testcase> <!-- @BeforeMethod launchApp -->
  <testcase name="@AfterMethod closeApp" time="0.0" classname="com.sapient.it.lib.TestNgInitialization">
    <skipped/>
  </testcase> <!-- @AfterMethod closeApp -->
  <testcase name="jeepSuite" time="0.0" classname="com.sapient.it.Applitools.AlfaRomeoApplitools">
    <skipped/>
  </testcase> <!-- jeepSuite -->
</testsuite> <!-- PROD Test -->
