<?xml version="1.0" encoding="UTF-8"?>
<testng-results skipped="0" failed="1" ignored="0" total="1" passed="0">
  <reporter-output>
  </reporter-output>
  <suite name="Default suite" duration-ms="793557" started-at="2019-05-03T09:04:33Z" finished-at="2019-05-03T09:17:47Z">
    <groups>
    </groups>
    <test name="Default test" duration-ms="793557" started-at="2019-05-03T09:04:33Z" finished-at="2019-05-03T09:17:47Z">
      <class name="com.sapient.it.Applitools.JeepSuiteApplitools">
        <test-method status="FAIL" signature="suite()[pri:0, instance:com.sapient.it.Applitools.JeepSuiteApplitools@7276c8cd]" name="suite" duration-ms="793536" started-at="2019-05-03T09:04:33Z" finished-at="2019-05-03T09:17:47Z">
          <exception class="com.applitools.eyes.exceptions.DiffsFoundException">
            <message>
              <![CDATA[Test 'windowJeepSuite2' of 'jeepusa2' detected differences! See details at: https://eyes.applitools.com/app/batches/00000251845426516851/00000251845426516634?accountId=Q2iNpK2JIUe9tioa2tPoaQ~~]]>
            </message>
            <full-stacktrace>
              <![CDATA[com.applitools.eyes.exceptions.DiffsFoundException: Test 'windowJeepSuite2' of 'jeepusa2' detected differences! See details at: https://eyes.applitools.com/app/batches/00000251845426516851/00000251845426516634?accountId=Q2iNpK2JIUe9tioa2tPoaQ~~
at com.applitools.eyes.EyesBase.close(EyesBase.java:508)
at com.applitools.eyes.selenium.SeleniumEyes.close(SeleniumEyes.java:1904)
at com.applitools.eyes.selenium.Eyes.close(Eyes.java:527)
at com.applitools.eyes.selenium.Eyes.close(Eyes.java:141)
at com.sapient.it.Applitools.JeepSuiteApplitools.suite(JeepSuiteApplitools.java:56)
at sun.reflect.NativeMethodAccessorImpl.invoke0(Native Method)
at sun.reflect.NativeMethodAccessorImpl.invoke(NativeMethodAccessorImpl.java:62)
at sun.reflect.DelegatingMethodAccessorImpl.invoke(DelegatingMethodAccessorImpl.java:43)
at java.lang.reflect.Method.invoke(Method.java:498)
at org.testng.internal.MethodInvocationHelper.invokeMethod(MethodInvocationHelper.java:124)
at org.testng.internal.Invoker.invokeMethod(Invoker.java:583)
at org.testng.internal.Invoker.invokeTestMethod(Invoker.java:719)
at org.testng.internal.Invoker.invokeTestMethods(Invoker.java:989)
at org.testng.internal.TestMethodWorker.invokeTestMethods(TestMethodWorker.java:125)
at org.testng.internal.TestMethodWorker.run(TestMethodWorker.java:109)
at org.testng.TestRunner.privateRun(TestRunner.java:648)
at org.testng.TestRunner.run(TestRunner.java:505)
at org.testng.SuiteRunner.runTest(SuiteRunner.java:455)
at org.testng.SuiteRunner.runSequentially(SuiteRunner.java:450)
at org.testng.SuiteRunner.privateRun(SuiteRunner.java:415)
at org.testng.SuiteRunner.run(SuiteRunner.java:364)
at org.testng.SuiteRunnerWorker.runSuite(SuiteRunnerWorker.java:52)
at org.testng.SuiteRunnerWorker.run(SuiteRunnerWorker.java:84)
at org.testng.TestNG.runSuitesSequentially(TestNG.java:1208)
at org.testng.TestNG.runSuitesLocally(TestNG.java:1137)
at org.testng.TestNG.runSuites(TestNG.java:1049)
at org.testng.TestNG.run(TestNG.java:1017)
at org.testng.remote.AbstractRemoteTestNG.run(AbstractRemoteTestNG.java:114)
at org.testng.remote.RemoteTestNG.initAndRun(RemoteTestNG.java:251)
at org.testng.remote.RemoteTestNG.main(RemoteTestNG.java:77)
]]>
            </full-stacktrace>
          </exception> <!-- com.applitools.eyes.exceptions.DiffsFoundException -->
          <reporter-output>
          </reporter-output>
        </test-method> <!-- suite -->
      </class> <!-- com.sapient.it.Applitools.JeepSuiteApplitools -->
    </test> <!-- Default test -->
  </suite> <!-- Default suite -->
</testng-results>
